20:23:23.007 [main] DEBUG com.intuit.karate.Suite - [config] classpath:karate-config.js
20:23:35.132 [main] INFO  com.intuit.karate - karate.env system property was: null 
20:23:35.248 [main] INFO  com.intuit.karate - >> lock acquired, begin callSingle: classpath:helpers/CreateToken.feature
20:23:37.478 [main] DEBUG com.intuit.karate - request:
1 > POST https://api.realworld.io/api/users/login
1 > Content-Type: application/json; charset=UTF-8
1 > Content-Length: 62
1 > Host: api.realworld.io
1 > Connection: Keep-Alive
1 > User-Agent: Apache-HttpClient/4.5.13 (Java/11.0.10)
1 > Accept-Encoding: gzip,deflate
{"user":{"email":"udemytest@test.com","password":"udemytest"}}

20:23:39.036 [main] DEBUG com.intuit.karate - response time in milliseconds: 1542
1 < 200
1 < Date: Fri, 08 Apr 2022 20:23:38 GMT
1 < Content-Type: application/json; charset=utf-8
1 < Transfer-Encoding: chunked
1 < Connection: keep-alive
1 < X-Powered-By: Express
1 < Access-Control-Allow-Origin: *
1 < Etag: W/"155-5SqoZGBc/0wlEA02v/9zlQkYM8I"
1 < Via: 1.1 vegur
1 < CF-Cache-Status: DYNAMIC
1 < Expect-CT: max-age=604800, report-uri="https://report-uri.cloudflare.com/cdn-cgi/beacon/expect-ct"
1 < Report-To: {"endpoints":[{"url":"https:\/\/a.nel.cloudflare.com\/report\/v3?s=IoFZZU%2FWp98W7lSHmBXNrv7URct%2BnOEpK05M%2Bpv4yyMyMIxH3dWib3Yi3OweOtPbJ%2B61KSgsrMG65uJJ0UHE1Lr8Dl9AxC%2FHtuitdt1vDLfEHrz7zhY4WGgk1zZY03LzvLHp"}],"group":"cf-nel","max_age":604800}
1 < NEL: {"success_fraction":0,"report_to":"cf-nel","max_age":604800}
1 < Server: cloudflare
1 < CF-RAY: 6f8db8cfebf66bdf-SIN
1 < alt-svc: h3=":443"; ma=86400, h3-29=":443"; ma=86400
{"user":{"email":"udemytest@test.com","username":"udemytest","bio":null,"image":"https://api.realworld.io/images/smiley-cyrus.jpeg","token":"eyJhbGciOiJIUzI1NiIsInR5cCI6IkpXVCJ9.eyJlbWFpbCI6InVkZW15dGVzdEB0ZXN0LmNvbSIsInVzZXJuYW1lIjoidWRlbXl0ZXN0IiwiaWF0IjoxNjQ5NDQ5NDE4LCJleHAiOjE2NTQ2MzM0MTh9.x_EtK9f7KFterKwBj8eP6282xw3zKmG-UJaPR3uVrOk"}}
20:23:39.096 [main] INFO  com.intuit.karate - << lock released, cached callSingle: classpath:helpers/CreateToken.feature
20:23:40.435 [main] DEBUG com.intuit.karate - request:
1 > GET https://api.realworld.io/api/articles?offset=0&limit=10
1 > Authorization: Token eyJhbGciOiJIUzI1NiIsInR5cCI6IkpXVCJ9.eyJlbWFpbCI6InVkZW15dGVzdEB0ZXN0LmNvbSIsInVzZXJuYW1lIjoidWRlbXl0ZXN0IiwiaWF0IjoxNjQ5NDQ5NDE4LCJleHAiOjE2NTQ2MzM0MTh9.x_EtK9f7KFterKwBj8eP6282xw3zKmG-UJaPR3uVrOk
1 > Host: api.realworld.io
1 > Connection: Keep-Alive
1 > User-Agent: Apache-HttpClient/4.5.13 (Java/11.0.10)
1 > Accept-Encoding: gzip,deflate


20:23:41.282 [main] DEBUG com.intuit.karate - response time in milliseconds: 825
1 < 200
1 < Date: Fri, 08 Apr 2022 20:23:41 GMT
1 < Content-Type: application/json; charset=utf-8
1 < Transfer-Encoding: chunked
1 < Connection: keep-alive
1 < X-Powered-By: Express
1 < Access-Control-Allow-Origin: *
1 < Etag: W/"e8e-GPbUJLn3rzc5hhF0rCt2GSncP0s"
1 < Via: 1.1 vegur
1 < CF-Cache-Status: DYNAMIC
1 < Expect-CT: max-age=604800, report-uri="https://report-uri.cloudflare.com/cdn-cgi/beacon/expect-ct"
1 < Report-To: {"endpoints":[{"url":"https:\/\/a.nel.cloudflare.com\/report\/v3?s=HwjmYDPrdQHH2xJa%2BhTxwjj3kRhtYswW2SUGXOf59lnJVr6or6Xfnfdfp9DEgyAuNcuwTrtVCWkqM69pXg7yGqr6zwIlglopR6xcmz%2BPU2PdJXIb3srzbpJHs%2Fp%2BKyZtIcv2"}],"group":"cf-nel","max_age":604800}
1 < NEL: {"success_fraction":0,"report_to":"cf-nel","max_age":604800}
1 < Server: cloudflare
1 < CF-RAY: 6f8db8defc629e3a-SIN
1 < alt-svc: h3=":443"; ma=86400, h3-29=":443"; ma=86400
{"articles":[{"slug":"Renly-Baratheon-33186","title":"Renly Baratheon","description":"New Ghis","body":"Why is it that when one man builds a wall, the next man immediately needs to know what's on the other side?","tagList":["tag1"],"createdAt":"2022-03-29T14:37:12.835Z","updatedAt":"2022-03-29T14:37:12.835Z","favorited":true,"favoritesCount":1,"author":{"username":"udemytest","bio":null,"image":"https://api.realworld.io/images/smiley-cyrus.jpeg","following":false}},{"slug":"Alesander-Frey-33186","title":"Alesander Frey","description":"Qarth","body":"The North remembers.","tagList":["tag1"],"createdAt":"2022-03-29T11:59:19.343Z","updatedAt":"2022-03-29T11:59:19.343Z","favorited":false,"favoritesCount":0,"author":{"username":"udemytest","bio":null,"image":"https://api.realworld.io/images/smiley-cyrus.jpeg","following":false}},{"slug":"Ollo-Lophand-33186","title":"Ollo Lophand","description":"Tolos","body":"The things I do for love.","tagList":["tag1"],"createdAt":"2022-03-29T02:30:35.797Z","updatedAt":"2022-03-29T02:30:35.797Z","favorited":false,"favoritesCount":0,"author":{"username":"udemytest","bio":null,"image":"https://api.realworld.io/images/smiley-cyrus.jpeg","following":false}},{"slug":"Postman-Article-14-33186","title":"Postman Article-14","description":"Test","body":"Test","tagList":["tag1"],"createdAt":"2022-03-29T02:07:46.358Z","updatedAt":"2022-03-29T02:07:46.358Z","favorited":false,"favoritesCount":0,"author":{"username":"udemytest","bio":null,"image":"https://api.realworld.io/images/smiley-cyrus.jpeg","following":false}},{"slug":"Sample-Article-02-33186","title":"Sample Article-02","description":"Sample Article","body":"Sample","tagList":[],"createdAt":"2022-03-29T02:06:31.561Z","updatedAt":"2022-03-29T02:06:31.561Z","favorited":false,"favoritesCount":0,"author":{"username":"udemytest","bio":null,"image":"https://api.realworld.io/images/smiley-cyrus.jpeg","following":false}},{"slug":"Postman-Article-13-33186","title":"Postman Article-13","description":"Test","body":"Test","tagList":["tag1"],"createdAt":"2022-03-25T18:06:34.865Z","updatedAt":"2022-03-25T18:06:34.865Z","favorited":false,"favoritesCount":0,"author":{"username":"udemytest","bio":null,"image":"https://api.realworld.io/images/smiley-cyrus.jpeg","following":false}},{"slug":"Postman-Article-12-33186","title":"Postman Article-12","description":"Test","body":"Test","tagList":["tag1"],"createdAt":"2022-03-25T14:41:16.321Z","updatedAt":"2022-03-25T14:41:16.321Z","favorited":false,"favoritesCount":0,"author":{"username":"udemytest","bio":null,"image":"https://api.realworld.io/images/smiley-cyrus.jpeg","following":false}},{"slug":"Postman-Article-10-33186","title":"Postman Article-10","description":"Test","body":"Test","tagList":["tag1"],"createdAt":"2022-03-25T14:15:44.461Z","updatedAt":"2022-03-25T14:15:44.461Z","favorited":false,"favoritesCount":0,"author":{"username":"udemytest","bio":null,"image":"https://api.realworld.io/images/smiley-cyrus.jpeg","following":false}},{"slug":"Postman-Article-03-33186","title":"Postman Article-03","description":"Test","body":"Test","tagList":["tag1"],"createdAt":"2022-03-25T14:14:16.049Z","updatedAt":"2022-03-25T14:14:16.049Z","favorited":false,"favoritesCount":0,"author":{"username":"udemytest","bio":null,"image":"https://api.realworld.io/images/smiley-cyrus.jpeg","following":false}},{"slug":"Postman-Article-02-33186","title":"Postman Article-02","description":"Test","body":"Test","tagList":["tag1"],"createdAt":"2022-03-25T01:24:33.991Z","updatedAt":"2022-03-25T01:24:33.991Z","favorited":false,"favoritesCount":0,"author":{"username":"udemytest","bio":null,"image":"https://api.realworld.io/images/smiley-cyrus.jpeg","following":false}}],"articlesCount":16}
20:23:41.392 [main] DEBUG com.intuit.karate - request:
2 > GET https://api.realworld.io/api/articles?offset=0&limit=10
2 > Authorization: Token eyJhbGciOiJIUzI1NiIsInR5cCI6IkpXVCJ9.eyJlbWFpbCI6InVkZW15dGVzdEB0ZXN0LmNvbSIsInVzZXJuYW1lIjoidWRlbXl0ZXN0IiwiaWF0IjoxNjQ5NDQ5NDE4LCJleHAiOjE2NTQ2MzM0MTh9.x_EtK9f7KFterKwBj8eP6282xw3zKmG-UJaPR3uVrOk
2 > Host: api.realworld.io
2 > Connection: Keep-Alive
2 > User-Agent: Apache-HttpClient/4.5.13 (Java/11.0.10)
2 > Accept-Encoding: gzip,deflate


20:23:42.212 [main] DEBUG com.intuit.karate - response time in milliseconds: 811
2 < 200
2 < Date: Fri, 08 Apr 2022 20:23:42 GMT
2 < Content-Type: application/json; charset=utf-8
2 < Transfer-Encoding: chunked
2 < Connection: keep-alive
2 < X-Powered-By: Express
2 < Access-Control-Allow-Origin: *
2 < Etag: W/"e8e-GPbUJLn3rzc5hhF0rCt2GSncP0s"
2 < Via: 1.1 vegur
2 < CF-Cache-Status: DYNAMIC
2 < Expect-CT: max-age=604800, report-uri="https://report-uri.cloudflare.com/cdn-cgi/beacon/expect-ct"
2 < Report-To: {"endpoints":[{"url":"https:\/\/a.nel.cloudflare.com\/report\/v3?s=SO6OYv6SE%2FV6668I5eZORUD6WuF7L9UD9C%2FIOd2siqy7guBAy%2FuTxr4NRPYu2pHk2fok%2FJhmDnkPziaGtmvEYfCZ7D5biDOXzJqYhElBktSahKdjmyTU8j89sHIMMSj19c7D"}],"group":"cf-nel","max_age":604800}
2 < NEL: {"success_fraction":0,"report_to":"cf-nel","max_age":604800}
2 < Server: cloudflare
2 < CF-RAY: 6f8db8e4dc6f8856-SIN
2 < alt-svc: h3=":443"; ma=86400, h3-29=":443"; ma=86400
{"articles":[{"slug":"Renly-Baratheon-33186","title":"Renly Baratheon","description":"New Ghis","body":"Why is it that when one man builds a wall, the next man immediately needs to know what's on the other side?","tagList":["tag1"],"createdAt":"2022-03-29T14:37:12.835Z","updatedAt":"2022-03-29T14:37:12.835Z","favorited":true,"favoritesCount":1,"author":{"username":"udemytest","bio":null,"image":"https://api.realworld.io/images/smiley-cyrus.jpeg","following":false}},{"slug":"Alesander-Frey-33186","title":"Alesander Frey","description":"Qarth","body":"The North remembers.","tagList":["tag1"],"createdAt":"2022-03-29T11:59:19.343Z","updatedAt":"2022-03-29T11:59:19.343Z","favorited":false,"favoritesCount":0,"author":{"username":"udemytest","bio":null,"image":"https://api.realworld.io/images/smiley-cyrus.jpeg","following":false}},{"slug":"Ollo-Lophand-33186","title":"Ollo Lophand","description":"Tolos","body":"The things I do for love.","tagList":["tag1"],"createdAt":"2022-03-29T02:30:35.797Z","updatedAt":"2022-03-29T02:30:35.797Z","favorited":false,"favoritesCount":0,"author":{"username":"udemytest","bio":null,"image":"https://api.realworld.io/images/smiley-cyrus.jpeg","following":false}},{"slug":"Postman-Article-14-33186","title":"Postman Article-14","description":"Test","body":"Test","tagList":["tag1"],"createdAt":"2022-03-29T02:07:46.358Z","updatedAt":"2022-03-29T02:07:46.358Z","favorited":false,"favoritesCount":0,"author":{"username":"udemytest","bio":null,"image":"https://api.realworld.io/images/smiley-cyrus.jpeg","following":false}},{"slug":"Sample-Article-02-33186","title":"Sample Article-02","description":"Sample Article","body":"Sample","tagList":[],"createdAt":"2022-03-29T02:06:31.561Z","updatedAt":"2022-03-29T02:06:31.561Z","favorited":false,"favoritesCount":0,"author":{"username":"udemytest","bio":null,"image":"https://api.realworld.io/images/smiley-cyrus.jpeg","following":false}},{"slug":"Postman-Article-13-33186","title":"Postman Article-13","description":"Test","body":"Test","tagList":["tag1"],"createdAt":"2022-03-25T18:06:34.865Z","updatedAt":"2022-03-25T18:06:34.865Z","favorited":false,"favoritesCount":0,"author":{"username":"udemytest","bio":null,"image":"https://api.realworld.io/images/smiley-cyrus.jpeg","following":false}},{"slug":"Postman-Article-12-33186","title":"Postman Article-12","description":"Test","body":"Test","tagList":["tag1"],"createdAt":"2022-03-25T14:41:16.321Z","updatedAt":"2022-03-25T14:41:16.321Z","favorited":false,"favoritesCount":0,"author":{"username":"udemytest","bio":null,"image":"https://api.realworld.io/images/smiley-cyrus.jpeg","following":false}},{"slug":"Postman-Article-10-33186","title":"Postman Article-10","description":"Test","body":"Test","tagList":["tag1"],"createdAt":"2022-03-25T14:15:44.461Z","updatedAt":"2022-03-25T14:15:44.461Z","favorited":false,"favoritesCount":0,"author":{"username":"udemytest","bio":null,"image":"https://api.realworld.io/images/smiley-cyrus.jpeg","following":false}},{"slug":"Postman-Article-03-33186","title":"Postman Article-03","description":"Test","body":"Test","tagList":["tag1"],"createdAt":"2022-03-25T14:14:16.049Z","updatedAt":"2022-03-25T14:14:16.049Z","favorited":false,"favoritesCount":0,"author":{"username":"udemytest","bio":null,"image":"https://api.realworld.io/images/smiley-cyrus.jpeg","following":false}},{"slug":"Postman-Article-02-33186","title":"Postman Article-02","description":"Test","body":"Test","tagList":["tag1"],"createdAt":"2022-03-25T01:24:33.991Z","updatedAt":"2022-03-25T01:24:33.991Z","favorited":false,"favoritesCount":0,"author":{"username":"udemytest","bio":null,"image":"https://api.realworld.io/images/smiley-cyrus.jpeg","following":false}}],"articlesCount":16}
20:23:47.781 [main] INFO  com.intuit.karate.Suite - <<pass>> feature 2 of 6 (0 remaining) classpath:examples/users/Articles.feature
20:23:47.890 [main] DEBUG com.intuit.karate.Suite - waiting for 6 features to complete
